<?xml version="1.0" encoding="UTF-8"?>
<!-- Generated by org.testng.reporters.JUnitXMLReporter -->
<testsuite hostname="LAPTOP-OFIJ2E99" ignored="0" name="Default test" tests="4" failures="0" timestamp="2020-03-17T21:11:16 EDT" time="24.191" errors="0">
  <testcase name="chectstatusCodeTest" time="0.048" classname="com.walmart.Testcases.TC003_UpdateMethod"/>
  <testcase name="statusresponsetimeTest" time="0.003" classname="com.walmart.Testcases.TC003_UpdateMethod"/>
  <testcase name="getHeaderTest" time="0.013" classname="com.walmart.Testcases.TC003_UpdateMethod"/>
  <testcase name="jsonpathTest" time="0.764" classname="com.walmart.Testcases.TC003_UpdateMethod"/>
</testsuite> <!-- Default test -->
