<?xml version="1.0" encoding="UTF-8"?>
<testng-results skipped="0" failed="0" ignored="0" total="4" passed="4">
  <reporter-output>
  </reporter-output>
  <suite name="Default suite" duration-ms="24191" started-at="2020-03-17T21:10:52 EDT" finished-at="2020-03-17T21:11:16 EDT">
    <groups>
    </groups>
    <test name="Default test" duration-ms="24191" started-at="2020-03-17T21:10:52 EDT" finished-at="2020-03-17T21:11:16 EDT">
      <class name="com.walmart.Testcases.TC003_UpdateMethod">
        <test-method status="PASS" signature="setUp()[pri:0, instance:com.walmart.Testcases.TC003_UpdateMethod@1d29cf23]" name="setUp" is-config="true" duration-ms="9514" started-at="2020-03-17T21:10:52 EDT" finished-at="2020-03-17T21:11:02 EDT">
          <reporter-output>
          </reporter-output>
        </test-method> <!-- setUp -->
        <test-method status="PASS" signature="chectstatusCodeTest()[pri:1, instance:com.walmart.Testcases.TC003_UpdateMethod@1d29cf23]" name="chectstatusCodeTest" duration-ms="48" started-at="2020-03-17T21:11:02 EDT" finished-at="2020-03-17T21:11:02 EDT">
          <reporter-output>
          </reporter-output>
        </test-method> <!-- chectstatusCodeTest -->
        <test-method status="PASS" signature="tearDown()[pri:0, instance:com.walmart.Testcases.TC003_UpdateMethod@1d29cf23]" name="tearDown" is-config="true" duration-ms="1" started-at="2020-03-17T21:11:02 EDT" finished-at="2020-03-17T21:11:02 EDT">
          <reporter-output>
          </reporter-output>
        </test-method> <!-- tearDown -->
        <test-method status="PASS" signature="setUp()[pri:0, instance:com.walmart.Testcases.TC003_UpdateMethod@1d29cf23]" name="setUp" is-config="true" duration-ms="4517" started-at="2020-03-17T21:11:02 EDT" finished-at="2020-03-17T21:11:06 EDT">
          <reporter-output>
          </reporter-output>
        </test-method> <!-- setUp -->
        <test-method status="PASS" signature="statusresponsetimeTest()[pri:3, instance:com.walmart.Testcases.TC003_UpdateMethod@1d29cf23]" name="statusresponsetimeTest" duration-ms="3" started-at="2020-03-17T21:11:06 EDT" finished-at="2020-03-17T21:11:06 EDT">
          <reporter-output>
          </reporter-output>
        </test-method> <!-- statusresponsetimeTest -->
        <test-method status="PASS" signature="tearDown()[pri:0, instance:com.walmart.Testcases.TC003_UpdateMethod@1d29cf23]" name="tearDown" is-config="true" duration-ms="1" started-at="2020-03-17T21:11:06 EDT" finished-at="2020-03-17T21:11:06 EDT">
          <reporter-output>
          </reporter-output>
        </test-method> <!-- tearDown -->
        <test-method status="PASS" signature="setUp()[pri:0, instance:com.walmart.Testcases.TC003_UpdateMethod@1d29cf23]" name="setUp" is-config="true" duration-ms="4667" started-at="2020-03-17T21:11:06 EDT" finished-at="2020-03-17T21:11:11 EDT">
          <reporter-output>
          </reporter-output>
        </test-method> <!-- setUp -->
        <test-method status="PASS" signature="getHeaderTest()[pri:4, instance:com.walmart.Testcases.TC003_UpdateMethod@1d29cf23]" name="getHeaderTest" duration-ms="13" started-at="2020-03-17T21:11:11 EDT" finished-at="2020-03-17T21:11:11 EDT">
          <reporter-output>
          </reporter-output>
        </test-method> <!-- getHeaderTest -->
        <test-method status="PASS" signature="tearDown()[pri:0, instance:com.walmart.Testcases.TC003_UpdateMethod@1d29cf23]" name="tearDown" is-config="true" duration-ms="0" started-at="2020-03-17T21:11:11 EDT" finished-at="2020-03-17T21:11:11 EDT">
          <reporter-output>
          </reporter-output>
        </test-method> <!-- tearDown -->
        <test-method status="PASS" signature="setUp()[pri:0, instance:com.walmart.Testcases.TC003_UpdateMethod@1d29cf23]" name="setUp" is-config="true" duration-ms="4570" started-at="2020-03-17T21:11:11 EDT" finished-at="2020-03-17T21:11:16 EDT">
          <reporter-output>
          </reporter-output>
        </test-method> <!-- setUp -->
        <test-method status="PASS" signature="jsonpathTest()[pri:5, instance:com.walmart.Testcases.TC003_UpdateMethod@1d29cf23]" name="jsonpathTest" duration-ms="764" started-at="2020-03-17T21:11:16 EDT" finished-at="2020-03-17T21:11:16 EDT">
          <reporter-output>
          </reporter-output>
        </test-method> <!-- jsonpathTest -->
        <test-method status="PASS" signature="tearDown()[pri:0, instance:com.walmart.Testcases.TC003_UpdateMethod@1d29cf23]" name="tearDown" is-config="true" duration-ms="1" started-at="2020-03-17T21:11:16 EDT" finished-at="2020-03-17T21:11:16 EDT">
          <reporter-output>
          </reporter-output>
        </test-method> <!-- tearDown -->
      </class> <!-- com.walmart.Testcases.TC003_UpdateMethod -->
    </test> <!-- Default test -->
  </suite> <!-- Default suite -->
</testng-results>
